<?xml version="1.0" encoding="utf-8"?><testsuites><testsuite name="pytest" errors="0" failures="0" skipped="0" tests="9" time="0.522" timestamp="2024-11-12T14:43:40.207830+00:00" hostname="f026d10c826a"><testcase classname="tests.test_main" name="test_user_greet" time="0.000" /><testcase classname="tests.test_main" name="test_password_default" time="0.000" /><testcase classname="tests.test_main" name="test_image_creation" time="0.013" /><testcase classname="tests.test_math_utils" name="test_divide_positive_numbers" time="0.000" /><testcase classname="tests.test_math_utils" name="test_divide_negative_numbers" time="0.000" /><testcase classname="tests.test_math_utils" name="test_divide_by_zero" time="0.000" /><testcase classname="tests.test_user" name="test_user_creation" time="0.000" /><testcase classname="tests.test_user" name="test_greet" time="0.000" /><testcase classname="tests.test_user_repository" name="test_get_users" time="0.095" /></testsuite></testsuites>