<?xml version="1.0" encoding="utf-8"?><testsuites><testsuite name="pytest" errors="0" failures="0" skipped="0" tests="8" time="1.181" timestamp="2024-11-26T23:18:39.588512+00:00" hostname="1cb875f6d1d0"><testcase classname="tests.test_logger_04" name="test_check_table_exist" time="0.002" /><testcase classname="tests.test_logger_04" name="test_create_table" time="0.002" /><testcase classname="tests.test_logger_04" name="test_insert_observation" time="0.004" /><testcase classname="tests.test_logger_04" name="test_insert_observation_invalid_df" time="0.001" /><testcase classname="tests.test_logger_04" name="test_read_transaction_from_topic_2_valid_message" time="0.004" /><testcase classname="tests.test_logger_04" name="test_read_transaction_from_topic_2_kafka_error" time="0.001" /><testcase classname="tests.test_logger_04" name="test_create_SQL_engine_table_creation" time="0.001" /><testcase classname="tests.test_logger_04" name="test_topic_to_sql_data_insertion" time="0.005" /></testsuite></testsuites>